<?xml version="1.0" encoding="UTF-8"?>
<!-- Generated by org.testng.reporters.JUnitReportReporter -->
<testsuite skipped="0" hostname="STUDENT01" name="MavenTest.Testreport.AppTest" tests="4" failures="0" timestamp="05 May 2017 15:46:26 GMT" time="28.925" errors="0">
  <testcase name="AmazonTest1" time="0.594" classname="MavenTest.Testreport.AppTest"/>
  <testcase name="verifySearchBox" time="9.002" classname="MavenTest.Testreport.AppTest"/>
  <testcase name="FiIphone" time="16.146" classname="MavenTest.Testreport.AppTest"/>
  <testcase name="BasketIphone" time="3.183" classname="MavenTest.Testreport.AppTest"/>
</testsuite> <!-- MavenTest.Testreport.AppTest -->
